PRT1
217
681
4 0 5 (2048 1029 1145.810059 ) (2048 1035.780029 1145.810059 ) (2048 1035.780029 -121.809998 ) (2048 1029 -121.809998 ) 
4 0 4 (2048 1029 -121.809998 ) (2821 1029 -121.809998 ) (2821 1029 -5 ) (2048 1029 -5 ) 
4 0 3 (2821 1029 -5 ) (2821 1029 0 ) (2048 1029 0 ) (2048 1029 -5 ) 
4 0 2 (2821 1029 1029 ) (2821 1029 1145.810059 ) (2048 1029 1145.810059 ) (2048 1029 1029 ) 
4 0 1 (2821 1029 -121.809998 ) (2827.810059 1029 -121.809998 ) (2827.810059 1029 1145.810059 ) (2821 1029 1145.810059 ) 
4 1 24 (2821 1024 0 ) (2821 1024 -121.809998 ) (2827.810059 1024 -121.809998 ) (2827.810059 1024 0 ) 
4 1 10 (2827.810059 1024 1145.810059 ) (2821 1024 1145.810059 ) (2821 1024 0 ) (2827.810059 1024 0 ) 
4 1 4 (2821 1029 -5 ) (2821 1029 -121.809998 ) (2821 1024 -121.809998 ) (2821 1024 -5 ) 
4 1 3 (2821 1029 0 ) (2821 1029 -5 ) (2821 1024 -5 ) (2821 1024 0 ) 
4 1 2 (2821 1029 1145.810059 ) (2821 1029 1029 ) (2821 1024 1029 ) (2821 1024 1145.810059 ) 
4 2 11 (2821 1024 1145.810059 ) (2048 1024 1145.810059 ) (2048 1024 1029 ) (2821 1024 1029 ) 
4 2 6 (2048 1024 1029 ) (2048 1024 1145.810059 ) (2048 1029 1145.810059 ) (2048 1029 1029 ) 
4 3 25 (2048 1024 0 ) (2048 1024 -5 ) (2821 1024 -5 ) (2821 1024 0 ) 
4 3 7 (2048 1024 -5 ) (2048 1024 0 ) (2048 1029 0 ) (2048 1029 -5 ) 
4 3 4 (2048 1024 -5 ) (2048 1029 -5 ) (2821 1029 -5 ) (2821 1024 -5 ) 
4 4 26 (2048 1024 -5 ) (2048 1024 -121.809998 ) (2821 1024 -121.809998 ) (2821 1024 -5 ) 
4 4 8 (2048 1024 -121.809998 ) (2048 1024 -5 ) (2048 1029 -5 ) (2048 1029 -121.809998 ) 
4 5 9 (1268.189941 1029 -121.809998 ) (1275 1029 -121.809998 ) (1275 1029 1145.810059 ) (1268.189941 1029 1145.810059 ) 
4 5 8 (1275 1029 -121.809998 ) (2048 1029 -121.809998 ) (2048 1029 -5 ) (1275 1029 -5 ) 
4 5 7 (2048 1029 -5 ) (2048 1029 0 ) (1275 1029 0 ) (1275 1029 -5 ) 
4 5 6 (2048 1029 1029 ) (2048 1029 1145.810059 ) (1275 1029 1145.810059 ) (1275 1029 1029 ) 
4 6 27 (2048 1024 1029 ) (2048 1024 1145.810059 ) (1275 1024 1145.810059 ) (1275 1024 1029 ) 
4 6 9 (1275 1029 1145.810059 ) (1275 1029 1029 ) (1275 1024 1029 ) (1275 1024 1145.810059 ) 
4 7 41 (2048 1024 -5 ) (2048 1024 0 ) (1275 1024 0 ) (1275 1024 -5 ) 
4 7 9 (1275 1029 0 ) (1275 1029 -5 ) (1275 1024 -5 ) (1275 1024 0 ) 
4 7 8 (2048 1024 -5 ) (1275 1024 -5 ) (1275 1029 -5 ) (2048 1029 -5 ) 
4 8 42 (2048 1024 -121.809998 ) (2048 1024 -5 ) (1275 1024 -5 ) (1275 1024 -121.809998 ) 
4 8 9 (1275 1029 -5 ) (1275 1029 -121.809998 ) (1275 1024 -121.809998 ) (1275 1024 -5 ) 
4 9 43 (1268.189941 1024 0 ) (1268.189941 1024 -121.809998 ) (1275 1024 -121.809998 ) (1275 1024 0 ) 
4 9 40 (1275 1024 1145.810059 ) (1268.189941 1024 1145.810059 ) (1268.189941 1024 0 ) (1275 1024 0 ) 
4 10 75 (2827.810059 0 1145.810059 ) (2821 0 1145.810059 ) (2821 0 0 ) (2827.810059 0 0 ) 
4 10 24 (2821 1024 0 ) (2827.810059 1024 0 ) (2827.810059 0 0 ) (2821 0 0 ) 
4 10 11 (2821 0 1029 ) (2821 0 1145.810059 ) (2821 1024 1145.810059 ) (2821 1024 1029 ) 
4 11 76 (2821 0 1145.810059 ) (2048 0 1145.810059 ) (2048 0 1029 ) (2821 0 1029 ) 
4 11 27 (2048 1024 1145.810059 ) (2048 1024 1029 ) (2048 0 1029 ) (2048 0 1145.810059 ) 
4 12 77 (2213 0 197 ) (2816 0 197 ) (2816 0 1024 ) (2213 0 1024 ) 
4 12 17 (2213 1024 197 ) (2816 1024 197 ) (2816 0 197 ) (2213 0 197 ) 
4 12 15 (2213 942.320984 197 ) (2213 827 197 ) (2213 827 202 ) (2213 940.177002 202 ) 
4 12 14 (2213 1024 197 ) (2213 942.320984 197 ) (2213 940.177002 202 ) (2213 1024 202 ) 
4 12 13 (2213 827 202 ) (2213 827 1024 ) (2213 1024 1024 ) (2213 1024 202 ) 
4 12 16 (2213 827 197 ) (2213 0 197 ) (2213 0 1024 ) (2213 827 1024 ) 
4 13 28 (2048 1024 1024 ) (2048 1024 202 ) (2048 827 202 ) (2048 827 1024 ) 
4 13 15 (2213 827 202 ) (2048 827 202 ) (2048 940.177002 202 ) (2213 940.177063 202 ) 
4 13 14 (2048 940.177002 202 ) (2048 1024 202 ) (2213 1024 202 ) (2213 940.177063 202 ) 
4 13 16 (2213 827 202 ) (2213 827 1024 ) (2048 827 1024 ) (2048 827 202 ) 
4 14 29 (2048 1024 202 ) (2048 1024 197 ) (2048 942.320984 197 ) (2048 940.177002 202 ) 
4 14 22 (2048 942.320984 197 ) (2048 1024 197 ) (2208 1024 197 ) (2208 942.320984 197 ) 
4 14 18 (2208 1024 197 ) (2213 1024 197 ) (2213 942.320984 197 ) (2208 942.320984 197 ) 
4 14 15 (2048 942.322266 197 ) (2213 942.322266 197 ) (2213 940.177734 202 ) (2048 940.177734 202 ) 
4 15 30 (2048 942.320984 197 ) (2048 827 197 ) (2048 827 202 ) (2048 940.177002 202 ) 
4 15 23 (2048 939.572021 197 ) (2048 942.320984 197 ) (2208 942.320984 197 ) (2208 939.572021 197 ) 
4 15 21 (2048 827 197 ) (2048 939.572021 197 ) (2208 939.572021 197 ) (2208 827 197 ) 
4 15 19 (2208 942.320984 197 ) (2213 942.320984 197 ) (2213 827 197 ) (2208 827 197 ) 
4 15 16 (2048 827 197 ) (2213 827 197 ) (2213 827 202 ) (2048 827 202 ) 
4 16 77 (2048 0 1024 ) (2048 0 197 ) (2213 0 197 ) (2213 0 1024 ) 
4 16 31 (2048 827 197 ) (2048 0 197 ) (2048 0 1024 ) (2048 827 1024 ) 
4 16 21 (2048 0 197 ) (2048 827 197 ) (2208 827 197 ) (2208 0 197 ) 
4 16 20 (2208 827 197 ) (2213 827 197 ) (2213 0 197 ) (2208 0 197 ) 
4 17 77 (2213 0 0 ) (2816 0 0 ) (2816 0 197 ) (2213 0 197 ) 
4 17 25 (2213 1024 0 ) (2816 1024 0 ) (2816 0 0 ) (2213 0 0 ) 
5 17 19 (2213 1024 0 ) (2213 827 0 ) (2213 827 197 ) (2213 942.320007 197 ) (2213 1024 6.641876 ) 
3 17 18 (2213 942.320007 197 ) (2213 1024 197 ) (2213 1024 6.641876 ) 
4 17 20 (2213 827 0 ) (2213 0 0 ) (2213 0 197 ) (2213 827 197 ) 
3 18 22 (2208 942.320007 197 ) (2208 1024 197 ) (2208 1024 6.641876 ) 
4 18 19 (2213 1024 6.641012 ) (2213 942.318359 197 ) (2208 942.319397 197 ) (2208 1024 6.640549 ) 
4 19 25 (2208 1024 0 ) (2213 1024 0 ) (2213 827 0 ) (2208 827 0 ) 
4 19 23 (2208 1024 0 ) (2208 939.572083 197 ) (2208 942.320007 197 ) (2208 1024 6.641876 ) 
4 19 21 (2208 1024 0 ) (2208 827 0 ) (2208 827 197 ) (2208 939.572083 197 ) 
4 19 20 (2208 827 197 ) (2208 827 0 ) (2213 827 0 ) (2213 827 197 ) 
4 20 77 (2208 0 0 ) (2213 0 0 ) (2213 0 197 ) (2208 0 197 ) 
4 20 25 (2213 827 0 ) (2213 0 0 ) (2208 0 0 ) (2208 827 0 ) 
4 20 21 (2208 827 0 ) (2208 0 0 ) (2208 0 197 ) (2208 827 197 ) 
4 21 77 (2048 0 197 ) (2048 0 0 ) (2208 0 0 ) (2208 0 197 ) 
4 21 33 (2048 1024 0 ) (2048 0 0 ) (2048 0 197 ) (2048 939.572021 197 ) 
4 21 25 (2048 0 0 ) (2048 1024 0 ) (2208 1024 0 ) (2208 0 0 ) 
4 21 23 (2208 939.570313 197 ) (2208 1023.998291 0 ) (2048 1023.998291 0 ) (2048 939.570313 197 ) 
3 22 34 (2048 1024 197 ) (2048 1024 6.664566 ) (2048 942.321960 197 ) 
4 22 23 (2048 1024 6.658763 ) (2208 1024 6.658758 ) (2208 942.320313 197 ) (2048 942.320313 197 ) 
4 23 35 (2048 1024 6.664566 ) (2048 1024 0 ) (2048 939.572021 197 ) (2048 942.321960 197 ) 
4 24 75 (2827.810059 0 0 ) (2821 0 0 ) (2821 0 -121.809998 ) (2827.810059 0 -121.809998 ) 
4 24 26 (2821 1024 -121.809998 ) (2821 0 -121.809998 ) (2821 0 -5 ) (2821 1024 -5 ) 
4 24 25 (2821 0 -5 ) (2821 0 0 ) (2821 1024 0 ) (2821 1024 -5 ) 
4 25 78 (2821 0 0 ) (2048 0 0 ) (2048 0 -5 ) (2821 0 -5 ) 
4 25 41 (2048 1024 0 ) (2048 1024 -5 ) (2048 0 -5 ) (2048 0 0 ) 
4 25 26 (2048 0 -5 ) (2048 1024 -5 ) (2821 1024 -5 ) (2821 0 -5 ) 
4 26 79 (2048 0 -5 ) (2048 0 -121.809998 ) (2821 0 -121.809998 ) (2821 0 -5 ) 
4 26 42 (2048 1024 -5 ) (2048 1024 -121.809998 ) (2048 0 -121.809998 ) (2048 0 -5 ) 
4 27 80 (2048 0 1029 ) (2048 0 1145.810059 ) (1275 0 1145.810059 ) (1275 0 1029 ) 
4 27 40 (1275 0 1029 ) (1275 0 1145.810059 ) (1275 1024 1145.810059 ) (1275 1024 1029 ) 
4 28 30 (2048 827 202 ) (1883 827 202 ) (1883 940.177002 202 ) (2048 940.177063 202 ) 
4 28 29 (1883 940.177002 202 ) (1883 1024 202 ) (2048 1024 202 ) (2048 940.177063 202 ) 
4 28 31 (1883 827 1024 ) (1883 827 202 ) (2048 827 202 ) (2048 827 1024 ) 
4 28 32 (1883 827 202 ) (1883 827 1024 ) (1883 1024 1024 ) (1883 1024 202 ) 
4 29 36 (1883 942.320984 197 ) (1883 1024 197 ) (1888 1024 197 ) (1888 942.320984 197 ) 
4 29 34 (1888 1024 197 ) (2048 1024 197 ) (2048 942.320984 197 ) (1888 942.320984 197 ) 
4 29 32 (1883 1024 197 ) (1883 942.320984 197 ) (1883 940.177002 202 ) (1883 1024 202 ) 
4 29 30 (2048 940.177734 202 ) (1883 940.177734 202 ) (1883 942.321716 197 ) (2048 942.321716 197 ) 
4 30 37 (1883 827 197 ) (1883 942.320984 197 ) (1888 942.320984 197 ) (1888 827 197 ) 
4 30 35 (1888 942.320984 197 ) (2048 942.320984 197 ) (2048 939.572021 197 ) (1888 939.572021 197 ) 
4 30 33 (2048 939.572021 197 ) (2048 827 197 ) (1888 827 197 ) (1888 939.572021 197 ) 
4 30 32 (1883 942.320984 197 ) (1883 827 197 ) (1883 827 202 ) (1883 940.177002 202 ) 
4 30 31 (1883 827 202 ) (1883 827 197 ) (2048 827 197 ) (2048 827 202 ) 
4 31 81 (2048 0 197 ) (2048 0 1024 ) (1883 0 1024 ) (1883 0 197 ) 
4 31 38 (1888 0 197 ) (1883 0 197 ) (1883 827 197 ) (1888 827 197 ) 
4 31 33 (2048 0 197 ) (1888 0 197 ) (1888 827 197 ) (2048 827 197 ) 
4 31 32 (1883 827 197 ) (1883 0 197 ) (1883 0 1024 ) (1883 827 1024 ) 
4 32 81 (1883 0 1024 ) (1280 0 1024 ) (1280 0 197 ) (1883 0 197 ) 
4 32 39 (1883 0 197 ) (1280 0 197 ) (1280 1024 197 ) (1883 1024 197 ) 
4 33 81 (2048 0 0 ) (2048 0 197 ) (1888 0 197 ) (1888 0 0 ) 
4 33 41 (2048 0 0 ) (1888 0 0 ) (1888 1024 0 ) (2048 1024 0 ) 
4 33 37 (1888 1024 0 ) (1888 827 0 ) (1888 827 197 ) (1888 939.572021 197 ) 
4 33 38 (1888 827 0 ) (1888 0 0 ) (1888 0 197 ) (1888 827 197 ) 
4 33 35 (2048 1024 0 ) (1888 1024 0 ) (1888 939.572266 197 ) (2048 939.572266 197 ) 
3 34 36 (1888 942.321960 197 ) (1888 1024 197 ) (1888 1024 6.664566 ) 
4 34 35 (2048 942.320557 197 ) (1888 942.320557 197 ) (1888 1024 6.661255 ) (2048 1024 6.661251 ) 
4 35 37 (1888 1024 0 ) (1888 939.572021 197 ) (1888 942.321960 197 ) (1888 1024 6.664566 ) 
3 36 39 (1883 942.320007 197 ) (1883 1024 197 ) (1883 1024 6.641876 ) 
4 36 37 (1888 1024 6.641012 ) (1888 942.318359 197 ) (1883 942.319397 197 ) (1883 1024 6.640549 ) 
4 37 41 (1883 827 0 ) (1883 1024 0 ) (1888 1024 0 ) (1888 827 0 ) 
4 37 38 (1883 827 197 ) (1883 827 0 ) (1888 827 0 ) (1888 827 197 ) 
5 37 39 (1883 1024 0 ) (1883 827 0 ) (1883 827 197 ) (1883 942.320007 197 ) (1883 1024 6.641876 ) 
4 38 81 (1888 0 197 ) (1883 0 197 ) (1883 0 0 ) (1888 0 0 ) 
4 38 41 (1888 0 0 ) (1883 0 0 ) (1883 827 0 ) (1888 827 0 ) 
4 38 39 (1883 827 0 ) (1883 0 0 ) (1883 0 197 ) (1883 827 197 ) 
4 39 81 (1883 0 197 ) (1280 0 197 ) (1280 0 0 ) (1883 0 0 ) 
4 39 41 (1883 0 0 ) (1280 0 0 ) (1280 1024 0 ) (1883 1024 0 ) 
4 40 84 (1275 0 1145.810059 ) (1268.189941 0 1145.810059 ) (1268.189941 0 0 ) (1275 0 0 ) 
4 40 43 (1275 0 0 ) (1268.189941 0 0 ) (1268.189941 1024 0 ) (1275 1024 0 ) 
4 41 82 (2048 0 -5 ) (2048 0 0 ) (1275 0 0 ) (1275 0 -5 ) 
4 41 43 (1275 0 -5 ) (1275 0 0 ) (1275 1024 0 ) (1275 1024 -5 ) 
4 41 42 (2048 0 -5 ) (1275 0 -5 ) (1275 1024 -5 ) (2048 1024 -5 ) 
4 42 83 (2048 0 -121.809998 ) (2048 0 -5 ) (1275 0 -5 ) (1275 0 -121.809998 ) 
4 42 43 (1275 1024 -121.809998 ) (1275 0 -121.809998 ) (1275 0 -5 ) (1275 1024 -5 ) 
4 43 84 (1275 0 0 ) (1268.189941 0 0 ) (1268.189941 0 -121.809998 ) (1275 0 -121.809998 ) 
4 44 63 (0 1364 895 ) (0 1516 895 ) (0 1516 463 ) (0 1364 463 ) 
4 44 48 (790 1364 895 ) (0 1364 895 ) (0 1364 463 ) (790 1364 463 ) 
4 44 46 (798 1364 463 ) (798 1364 895 ) (790 1364 895 ) (790 1364 463 ) 
4 44 45 (798 1364 463 ) (0 1364 463 ) (0 1516 463 ) (798 1516 463 ) 
4 45 64 (0 1516 463 ) (0 1516 458 ) (0 1364 458 ) (0 1364 463 ) 
4 45 57 (0 1364 458 ) (0 1516 458 ) (798 1516 458 ) (798 1364 458 ) 
4 45 50 (0 1364 458 ) (790 1364 458 ) (790 1364 463 ) (0 1364 463 ) 
4 45 47 (790 1364 458 ) (798 1364 458 ) (798 1364 463 ) (790 1364 463 ) 
4 46 53 (798 1192 463 ) (798 1192 464 ) (790 1192 464 ) (790 1192 463 ) 
4 46 51 (798 1192 464 ) (798 1192 895 ) (790 1192 895 ) (790 1192 464 ) 
4 46 49 (790 1359 463 ) (790 1192 463 ) (790 1192 895 ) (790 1359 895 ) 
4 46 48 (790 1364 895 ) (790 1364 463 ) (790 1359 463 ) (790 1359 895 ) 
4 46 47 (798 1192 463 ) (790 1192 463 ) (790 1364 463 ) (798 1364 463 ) 
4 47 62 (798 1264 458 ) (798 1192 458 ) (790 1192 458 ) (790 1264 458 ) 
4 47 59 (793 1264 458 ) (790 1264 458 ) (790 1296 458 ) (793 1296 458 ) 
4 47 58 (798 1296 458 ) (798 1264 458 ) (793 1264 458 ) (793 1296 458 ) 
4 47 57 (790 1364 458 ) (798 1364 458 ) (798 1296 458 ) (790 1296 458 ) 
4 47 54 (790 1192 458 ) (798 1192 458 ) (798 1192 463 ) (790 1192 463 ) 
4 47 50 (790 1364 463 ) (790 1364 458 ) (790 1192 458 ) (790 1192 463 ) 
4 48 65 (0 1359 895 ) (0 1364 895 ) (0 1364 463 ) (0 1359 463 ) 
4 48 50 (0 1364 463 ) (790 1364 463 ) (790 1359 463 ) (0 1359 463 ) 
4 48 49 (0 1359 463 ) (790 1359 463 ) (790 1359 895 ) (0 1359 895 ) 
4 49 66 (0 1192 895 ) (0 1359 895 ) (0 1359 463 ) (0 1192 463 ) 
4 49 53 (790 1192 463 ) (790 1192 464 ) (0 1192 464 ) (0 1192 463 ) 
4 49 52 (8 1192 895 ) (0 1192 895 ) (0 1192 504 ) (8 1192 504 ) 
4 49 51 (790 1192 464 ) (790 1192 895 ) (8 1192 895 ) (8 1192 464 ) 
4 49 50 (790 1359 463 ) (790 1192 463 ) (0 1192 463 ) (0 1359 463 ) 
4 50 68 (0 1359 458 ) (0 1192 458 ) (0 1192 463 ) (0 1359 463 ) 
4 50 67 (0 1364 463 ) (0 1364 458 ) (0 1359 458 ) (0 1359 463 ) 
4 50 62 (0 1192 458 ) (0 1264 458 ) (790 1264 458 ) (790 1192 458 ) 
4 50 59 (737 1296 458 ) (790 1296 458 ) (790 1264 458 ) (737 1264 458 ) 
4 50 61 (0 1264 458 ) (0 1296 458 ) (737 1296 458 ) (737 1264 458 ) 
4 50 57 (0 1296 458 ) (0 1364 458 ) (790 1364 458 ) (790 1296 458 ) 
4 50 54 (0 1192 458 ) (790 1192 458 ) (790 1192 463 ) (0 1192 463 ) 
4 51 55 (798 1184 464 ) (798 1184 895 ) (8 1184 895 ) (8 1184 464 ) 
4 51 53 (798 1184 464 ) (8 1184 464 ) (8 1192 464 ) (798 1192 464 ) 
4 51 52 (8 1192 895 ) (8 1192 504 ) (8 1184 504 ) (8 1184 895 ) 
4 52 66 (0 1184 895 ) (0 1192 895 ) (0 1192 504 ) (0 1184 504 ) 
4 52 55 (8 1184 895 ) (0 1184 895 ) (0 1184 504 ) (8 1184 504 ) 
4 53 66 (0 1192 464 ) (0 1192 463 ) (0 1184 463 ) (0 1184 464 ) 
4 53 55 (798 1184 463 ) (798 1184 464 ) (0 1184 464 ) (0 1184 463 ) 
4 53 54 (798 1184 463 ) (0 1184 463 ) (0 1192 463 ) (798 1192 463 ) 
4 54 68 (0 1192 463 ) (0 1192 458 ) (0 1184 458 ) (0 1184 463 ) 
4 54 62 (0 1184 458 ) (0 1192 458 ) (798 1192 458 ) (798 1184 458 ) 
4 54 56 (0 1184 458 ) (798 1184 458 ) (798 1184 463 ) (0 1184 463 ) 
4 55 66 (0 1044 895 ) (0 1184 895 ) (0 1184 463 ) (0 1044 463 ) 
4 55 56 (798 1044 463 ) (0 1044 463 ) (0 1184 463 ) (798 1184 463 ) 
4 56 68 (0 1184 463 ) (0 1184 458 ) (0 1044 458 ) (0 1044 463 ) 
4 56 62 (0 1044 458 ) (0 1184 458 ) (798 1184 458 ) (798 1044 458 ) 
5 57 69 (0 1296 458 ) (0 1516 458 ) (0 1516 119.037994 ) (0 1363.764160 21 ) (0 1296 21 ) 
4 57 59 (793 1296 240 ) (793 1296 458 ) (737 1296 458 ) (737 1296 240 ) 
4 57 60 (737 1296 21 ) (793 1296 21 ) (793 1296 200 ) (737 1296 200 ) 
4 57 58 (793 1296 21 ) (798 1296 21 ) (798 1296 458 ) (793 1296 458 ) 
4 57 61 (0 1296 21 ) (737 1296 21 ) (737 1296 458 ) (0 1296 458 ) 
4 58 62 (793 1264 21 ) (798 1264 21 ) (798 1264 458 ) (793 1264 458 ) 
4 58 59 (793 1296 458 ) (793 1296 240 ) (793 1264 240 ) (793 1264 458 ) 
4 58 60 (793 1296 200 ) (793 1296 21 ) (793 1264 21 ) (793 1264 200 ) 
4 59 62 (793 1264 240 ) (793 1264 458 ) (737 1264 458 ) (737 1264 240 ) 
4 59 61 (737 1296 458 ) (737 1296 240 ) (737 1264 240 ) (737 1264 458 ) 
4 60 62 (737 1264 21 ) (793 1264 21 ) (793 1264 200 ) (737 1264 200 ) 
4 60 61 (737 1296 200 ) (737 1296 21 ) (737 1264 21 ) (737 1264 200 ) 
4 61 70 (0 1264 458 ) (0 1296 458 ) (0 1296 21 ) (0 1264 21 ) 
4 61 62 (0 1264 21 ) (737 1264 21 ) (737 1264 458 ) (0 1264 458 ) 
5 62 74 (0 1044 458 ) (0 1264 458 ) (0 1264 21 ) (0 1195.250732 21 ) (0 1044 119.031837 ) 
4 63 65 (-798 1364 895 ) (-798 1364 463 ) (0 1364 463 ) (0 1364 895 ) 
4 63 64 (0 1364 463 ) (-798 1364 463 ) (-798 1516 463 ) (0 1516 463 ) 
4 64 69 (-798 1364 458 ) (-798 1516 458 ) (0 1516 458 ) (0 1364 458 ) 
4 64 67 (-798 1364 463 ) (-798 1364 458 ) (0 1364 458 ) (0 1364 463 ) 
4 65 67 (-798 1359 463 ) (-798 1364 463 ) (0 1364 463 ) (0 1359 463 ) 
4 65 66 (-798 1359 895 ) (-798 1359 463 ) (0 1359 463 ) (0 1359 895 ) 
4 66 68 (0 1044 463 ) (-798 1044 463 ) (-798 1359 463 ) (0 1359 463 ) 
4 67 69 (-798 1359 458 ) (-798 1364 458 ) (0 1364 458 ) (0 1359 458 ) 
4 67 68 (0 1359 463 ) (-798 1359 463 ) (-798 1359 458 ) (0 1359 458 ) 
4 68 74 (-798 1044 458 ) (-798 1264 458 ) (0 1264 458 ) (0 1044 458 ) 
4 68 71 (-794 1296 458 ) (-738 1296 458 ) (-738 1264 458 ) (-794 1264 458 ) 
4 68 70 (-738 1296 458 ) (0 1296 458 ) (0 1264 458 ) (-738 1264 458 ) 
4 68 73 (-798 1264 458 ) (-798 1296 458 ) (-794 1296 458 ) (-794 1264 458 ) 
4 68 69 (-798 1296 458 ) (-798 1359 458 ) (0 1359 458 ) (0 1296 458 ) 
4 69 71 (-738 1296 240 ) (-738 1296 458 ) (-794 1296 458 ) (-794 1296 240 ) 
4 69 72 (-794 1296 21 ) (-738 1296 21 ) (-738 1296 200 ) (-794 1296 200 ) 
4 69 70 (-738 1296 21 ) (0 1296 21 ) (0 1296 458 ) (-738 1296 458 ) 
4 69 73 (-798 1296 458 ) (-798 1296 21 ) (-794 1296 21 ) (-794 1296 458 ) 
4 70 74 (-738 1264 21 ) (0 1264 21 ) (0 1264 458 ) (-738 1264 458 ) 
4 70 71 (-738 1296 458 ) (-738 1296 240 ) (-738 1264 240 ) (-738 1264 458 ) 
4 70 72 (-738 1296 200 ) (-738 1296 21 ) (-738 1264 21 ) (-738 1264 200 ) 
4 71 74 (-738 1264 240 ) (-738 1264 458 ) (-794 1264 458 ) (-794 1264 240 ) 
4 71 73 (-794 1296 458 ) (-794 1296 240 ) (-794 1264 240 ) (-794 1264 458 ) 
4 72 74 (-794 1264 21 ) (-738 1264 21 ) (-738 1264 200 ) (-794 1264 200 ) 
4 72 73 (-794 1296 200 ) (-794 1296 21 ) (-794 1264 21 ) (-794 1264 200 ) 
4 73 74 (-798 1264 458 ) (-798 1264 21 ) (-794 1264 21 ) (-794 1264 458 ) 
4 75 85 (2827.810059 -1024 1145.810059 ) (2821 -1024 1145.810059 ) (2821 -1024 -121.809998 ) (2827.810059 -1024 -121.809998 ) 
4 75 79 (2821 -1024 -121.809998 ) (2821 -1024 -5 ) (2821 0 -5 ) (2821 0 -121.809998 ) 
4 75 78 (2821 -1024 -5 ) (2821 -1024 0 ) (2821 0 0 ) (2821 0 -5 ) 
4 75 76 (2821 -1024 1029 ) (2821 -1024 1145.810059 ) (2821 0 1145.810059 ) (2821 0 1029 ) 
4 76 86 (2821 -1024 1029 ) (2821 -1024 1145.810059 ) (2048 -1024 1145.810059 ) (2048 -1024 1029 ) 
4 76 80 (2048 -1024 1029 ) (2048 -1024 1145.810059 ) (2048 0 1145.810059 ) (2048 0 1029 ) 
4 77 96 (2048 -1024 197 ) (2048 -1024 0 ) (2208 -1024 0 ) (2208 -1024 197 ) 
4 77 93 (2208 -1024 0 ) (2213 -1024 0 ) (2213 -1024 197 ) (2208 -1024 197 ) 
4 77 92 (2213 -1024 0 ) (2816 -1024 0 ) (2816 -1024 197 ) (2213 -1024 197 ) 
4 77 88 (2213 -1024 1024 ) (2048 -1024 1024 ) (2048 -1024 197 ) (2213 -1024 197 ) 
4 77 87 (2816 -1024 1024 ) (2213 -1024 1024 ) (2213 -1024 197 ) (2816 -1024 197 ) 
4 77 81 (2048 -1024 0 ) (2048 -1024 1024 ) (2048 0 1024 ) (2048 0 0 ) 
4 77 78 (2048 -1024 0 ) (2048 0 0 ) (2816 0 0 ) (2816 -1024 0 ) 
4 78 99 (2821 -1024 -5 ) (2821 -1024 0 ) (2048 -1024 0 ) (2048 -1024 -5 ) 
4 78 82 (2048 -1024 -5 ) (2048 -1024 0 ) (2048 0 0 ) (2048 0 -5 ) 
4 78 79 (2048 -1024 -5 ) (2048 0 -5 ) (2821 0 -5 ) (2821 -1024 -5 ) 
4 79 100 (2821 -1024 -121.809998 ) (2821 -1024 -5 ) (2048 -1024 -5 ) (2048 -1024 -121.809998 ) 
4 79 83 (2048 -1024 -121.809998 ) (2048 -1024 -5 ) (2048 0 -5 ) (2048 0 -121.809998 ) 
4 80 102 (2048 -1024 1029 ) (2048 -1024 1145.810059 ) (1275 -1024 1145.810059 ) (1275 -1024 1029 ) 
4 80 84 (1275 -1024 1029 ) (1275 -1024 1145.810059 ) (1275 0 1145.810059 ) (1275 0 1029 ) 
4 81 111 (1888 -1024 197 ) (1883 -1024 197 ) (1883 -1024 0 ) (1888 -1024 0 ) 
4 81 114 (1883 -1024 197 ) (1280 -1024 197 ) (1280 -1024 0 ) (1883 -1024 0 ) 
4 81 108 (2048 -1024 0 ) (2048 -1024 197 ) (1888 -1024 197 ) (1888 -1024 0 ) 
4 81 103 (2048 -1024 197 ) (2048 -1024 1024 ) (1883 -1024 1024 ) (1883 -1024 197 ) 
4 81 107 (1883 -1024 1024 ) (1280 -1024 1024 ) (1280 -1024 197 ) (1883 -1024 197 ) 
4 81 82 (2048 -1024 0 ) (1280 -1024 0 ) (1280 0 0 ) (2048 0 0 ) 
4 82 115 (2048 -1024 -5 ) (2048 -1024 0 ) (1275 -1024 0 ) (1275 -1024 -5 ) 
4 82 84 (1275 -1024 -5 ) (1275 -1024 0 ) (1275 0 0 ) (1275 0 -5 ) 
4 82 83 (2048 -1024 -5 ) (1275 -1024 -5 ) (1275 0 -5 ) (2048 0 -5 ) 
4 83 116 (2048 -1024 -121.809998 ) (2048 -1024 -5 ) (1275 -1024 -5 ) (1275 -1024 -121.809998 ) 
4 83 84 (1275 -1024 -121.809998 ) (1275 -1024 -5 ) (1275 0 -5 ) (1275 0 -121.809998 ) 
4 84 117 (1275 -1024 -121.809998 ) (1275 -1024 1145.810059 ) (1268.189941 -1024 1145.810059 ) (1268.189941 -1024 -121.809998 ) 
4 85 101 (2821 -1285 -121.809998 ) (2827.810059 -1285 -121.809998 ) (2827.810059 -1285 1145.810059 ) (2821 -1285 1145.810059 ) 
4 85 100 (2821 -1024 -121.809998 ) (2821 -1285 -121.809998 ) (2821 -1285 -5 ) (2821 -1024 -5 ) 
4 85 99 (2821 -1285 -5 ) (2821 -1285 0 ) (2821 -1024 0 ) (2821 -1024 -5 ) 
4 85 86 (2821 -1285 1029 ) (2821 -1285 1145.810059 ) (2821 -1024 1145.810059 ) (2821 -1024 1029 ) 
4 86 102 (2048 -1024 1145.810059 ) (2048 -1024 1029 ) (2048 -1285 1029 ) (2048 -1285 1145.810059 ) 
4 86 101 (2821 -1285 1029 ) (2821 -1285 1145.810059 ) (2048 -1285 1145.810059 ) (2048 -1285 1029 ) 
4 87 92 (2213 -1024 197 ) (2816 -1024 197 ) (2816 -1280 197 ) (2213 -1280 197 ) 
4 87 91 (2213 -1083 197 ) (2213 -1198.315674 197 ) (2213 -1196.169922 202 ) (2213 -1083 202 ) 
4 87 90 (2213 -1198.315674 197 ) (2213 -1280 197 ) (2213 -1280 202 ) (2213 -1196.169922 202 ) 
4 87 89 (2213 -1280 202 ) (2213 -1280 1024 ) (2213 -1083 1024 ) (2213 -1083 202 ) 
4 87 88 (2213 -1024 197 ) (2213 -1083 197 ) (2213 -1083 1024 ) (2213 -1024 1024 ) 
4 88 103 (2048 -1024 1024 ) (2048 -1024 197 ) (2048 -1083 197 ) (2048 -1083 1024 ) 
4 88 96 (2048 -1024 197 ) (2208 -1024 197 ) (2208 -1083 197 ) (2048 -1083 197 ) 
4 88 93 (2208 -1024 197 ) (2213 -1024 197 ) (2213 -1083 197 ) (2208 -1083 197 ) 
4 88 91 (2048 -1083 197 ) (2213 -1083 197 ) (2213 -1083 202 ) (2048 -1083 202 ) 
4 88 89 (2213 -1083 202 ) (2213 -1083 1024 ) (2048 -1083 1024 ) (2048 -1083 202 ) 
4 89 104 (2048 -1280 202 ) (2048 -1280 1024 ) (2048 -1083 1024 ) (2048 -1083 202 ) 
4 89 91 (2048 -1083 202 ) (2213 -1083 202 ) (2213 -1196.169922 202 ) (2048 -1196.169922 202 ) 
4 89 90 (2213 -1196.169922 202 ) (2213 -1280 202 ) (2048 -1280 202 ) (2048 -1196.169922 202 ) 
4 90 105 (2048 -1198.315674 197 ) (2048 -1280 197 ) (2048 -1280 202 ) (2048 -1196.169922 202 ) 
4 90 97 (2208 -1280 197 ) (2048 -1280 197 ) (2048 -1198.315674 197 ) (2208 -1198.315674 197 ) 
4 90 94 (2213 -1198.315674 197 ) (2213 -1280 197 ) (2208 -1280 197 ) (2208 -1198.315674 197 ) 
4 90 91 (2048 -1196.168945 202 ) (2213 -1196.168945 202 ) (2213 -1198.314575 197 ) (2048 -1198.314575 197 ) 
4 91 106 (2048 -1083 197 ) (2048 -1198.315674 197 ) (2048 -1196.169922 202 ) (2048 -1083 202 ) 
4 91 98 (2208 -1198.315674 197 ) (2048 -1198.315674 197 ) (2048 -1195.569946 197 ) (2208 -1195.569946 197 ) 
4 91 96 (2048 -1195.569946 197 ) (2048 -1083 197 ) (2208 -1083 197 ) (2208 -1195.569946 197 ) 
4 91 95 (2213 -1083 197 ) (2213 -1198.315674 197 ) (2208 -1198.315674 197 ) (2208 -1083 197 ) 
4 92 99 (2213 -1024 0 ) (2816 -1024 0 ) (2816 -1280 0 ) (2213 -1280 0 ) 
5 92 95 (2213 -1083 0 ) (2213 -1280 0 ) (2213 -1280 6.651214 ) (2213 -1198.315674 197 ) (2213 -1083 197 ) 
3 92 94 (2213 -1280 6.651214 ) (2213 -1280 197 ) (2213 -1198.315674 197 ) 
4 92 93 (2213 -1024 0 ) (2213 -1083 0 ) (2213 -1083 197 ) (2213 -1024 197 ) 
4 93 99 (2208 -1024 0 ) (2213 -1024 0 ) (2213 -1083 0 ) (2208 -1083 0 ) 
4 93 96 (2208 -1024 0 ) (2208 -1083 0 ) (2208 -1083 197 ) (2208 -1024 197 ) 
4 93 95 (2208 -1083 197 ) (2208 -1083 0 ) (2213 -1083 0 ) (2213 -1083 197 ) 
3 94 97 (2208 -1280 6.651214 ) (2208 -1280 197 ) (2208 -1198.315674 197 ) 
4 94 95 (2208 -1280 6.652344 ) (2208 -1198.316406 197 ) (2213 -1198.315308 197 ) (2213 -1280 6.650543 ) 
4 95 99 (2213 -1083 0 ) (2213 -1280 0 ) (2208 -1280 0 ) (2208 -1083 0 ) 
4 95 98 (2208 -1280 0 ) (2208 -1280 6.651214 ) (2208 -1198.315674 197 ) (2208 -1195.569946 197 ) 
4 95 96 (2208 -1083 0 ) (2208 -1280 0 ) (2208 -1195.569946 197 ) (2208 -1083 197 ) 
4 96 108 (2048 -1024 197 ) (2048 -1024 0 ) (2048 -1280 0 ) (2048 -1195.569946 197 ) 
4 96 99 (2048 -1024 0 ) (2208 -1024 0 ) (2208 -1280 0 ) (2048 -1280 0 ) 
4 96 98 (2048 -1280 0 ) (2208 -1280 0 ) (2208 -1195.570313 197 ) (2048 -1195.570313 197 ) 
3 97 109 (2048 -1280 6.651214 ) (2048 -1280 197 ) (2048 -1198.315674 197 ) 
4 97 98 (2048 -1198.314209 197 ) (2208 -1198.314209 197 ) (2208 -1280 6.647980 ) (2048 -1280 6.647981 ) 
4 98 110 (2048 -1280 0 ) (2048 -1280 6.651214 ) (2048 -1198.315674 197 ) (2048 -1195.569946 197 ) 
4 99 115 (2048 -1024 0 ) (2048 -1024 -5 ) (2048 -1285 -5 ) (2048 -1285 0 ) 
4 99 101 (2821 -1285 -5 ) (2821 -1285 0 ) (2048 -1285 0 ) (2048 -1285 -5 ) 
4 99 100 (2821 -1024 -5 ) (2821 -1285 -5 ) (2048 -1285 -5 ) (2048 -1024 -5 ) 
4 100 116 (2048 -1024 -5 ) (2048 -1024 -121.809998 ) (2048 -1285 -121.809998 ) (2048 -1285 -5 ) 
4 100 101 (2048 -1285 -121.809998 ) (2821 -1285 -121.809998 ) (2821 -1285 -5 ) (2048 -1285 -5 ) 
4 101 118 (2048 -1285 -121.809998 ) (2048 -1291.780029 -121.809998 ) (2048 -1291.780029 1145.810059 ) (2048 -1285 1145.810059 ) 
4 102 118 (2048 -1285 1029 ) (2048 -1285 1145.810059 ) (1275 -1285 1145.810059 ) (1275 -1285 1029 ) 
4 102 117 (1275 -1285 1029 ) (1275 -1285 1145.810059 ) (1275 -1024 1145.810059 ) (1275 -1024 1029 ) 
4 103 111 (1883 -1083 197 ) (1883 -1024 197 ) (1888 -1024 197 ) (1888 -1083 197 ) 
4 103 108 (1888 -1024 197 ) (2048 -1024 197 ) (2048 -1083 197 ) (1888 -1083 197 ) 
4 103 106 (1883 -1083 202 ) (1883 -1083 197 ) (2048 -1083 197 ) (2048 -1083 202 ) 
4 103 104 (1883 -1083 1024 ) (1883 -1083 202 ) (2048 -1083 202 ) (2048 -1083 1024 ) 
4 103 107 (1883 -1024 197 ) (1883 -1083 197 ) (1883 -1083 1024 ) (1883 -1024 1024 ) 
4 104 106 (1883 -1196.169922 202 ) (1883 -1083 202 ) (2048 -1083 202 ) (2048 -1196.169922 202 ) 
4 104 105 (2048 -1280 202 ) (1883 -1280 202 ) (1883 -1196.169922 202 ) (2048 -1196.169922 202 ) 
4 104 107 (1883 -1280 202 ) (1883 -1280 1024 ) (1883 -1083 1024 ) (1883 -1083 202 ) 
4 105 112 (1888 -1280 197 ) (1883 -1280 197 ) (1883 -1198.315674 197 ) (1888 -1198.315674 197 ) 
4 105 109 (2048 -1280 197 ) (1888 -1280 197 ) (1888 -1198.315674 197 ) (2048 -1198.315674 197 ) 
4 105 107 (1883 -1198.315674 197 ) (1883 -1280 197 ) (1883 -1280 202 ) (1883 -1196.169922 202 ) 
4 105 106 (2048 -1198.316406 197 ) (1883 -1198.316406 197 ) (1883 -1196.168945 202 ) (2048 -1196.168945 202 ) 
4 106 113 (1883 -1198.315674 197 ) (1883 -1083 197 ) (1888 -1083 197 ) (1888 -1198.315674 197 ) 
4 106 110 (2048 -1195.569946 197 ) (2048 -1198.315674 197 ) (1888 -1198.315674 197 ) (1888 -1195.569946 197 ) 
4 106 108 (1888 -1083 197 ) (2048 -1083 197 ) (2048 -1195.569946 197 ) (1888 -1195.569946 197 ) 
4 106 107 (1883 -1083 197 ) (1883 -1198.315674 197 ) (1883 -1196.169922 202 ) (1883 -1083 202 ) 
4 107 114 (1883 -1280 197 ) (1280 -1280 197 ) (1280 -1024 197 ) (1883 -1024 197 ) 
4 108 115 (1888 -1024 0 ) (2048 -1024 0 ) (2048 -1280 0 ) (1888 -1280 0 ) 
4 108 113 (1888 -1083 0 ) (1888 -1280 0 ) (1888 -1195.569946 197 ) (1888 -1083 197 ) 
4 108 111 (1888 -1024 0 ) (1888 -1083 0 ) (1888 -1083 197 ) (1888 -1024 197 ) 
4 108 110 (1888 -1195.568359 197 ) (1888 -1279.998413 0 ) (2048 -1279.998413 0 ) (2048 -1195.568359 197 ) 
3 109 112 (1888 -1280 6.651214 ) (1888 -1280 197 ) (1888 -1198.315674 197 ) 
4 109 110 (2048 -1280 6.648437 ) (1888 -1280 6.648438 ) (1888 -1198.314453 197 ) (2048 -1198.314453 197 ) 
4 110 113 (1888 -1280 0 ) (1888 -1280 6.651214 ) (1888 -1198.315674 197 ) (1888 -1195.569946 197 ) 
4 111 115 (1883 -1024 0 ) (1888 -1024 0 ) (1888 -1083 0 ) (1883 -1083 0 ) 
4 111 113 (1883 -1083 197 ) (1883 -1083 0 ) (1888 -1083 0 ) (1888 -1083 197 ) 
4 111 114 (1883 -1024 0 ) (1883 -1083 0 ) (1883 -1083 197 ) (1883 -1024 197 ) 
3 112 114 (1883 -1280 6.651214 ) (1883 -1280 197 ) (1883 -1198.315674 197 ) 
4 112 113 (1883 -1280 6.652344 ) (1883 -1198.316406 197 ) (1888 -1198.315308 197 ) (1888 -1280 6.650543 ) 
4 113 115 (1888 -1083 0 ) (1888 -1280 0 ) (1883 -1280 0 ) (1883 -1083 0 ) 
5 113 114 (1883 -1083 0 ) (1883 -1280 0 ) (1883 -1280 6.651214 ) (1883 -1198.315674 197 ) (1883 -1083 197 ) 
4 114 115 (1280 -1024 0 ) (1883 -1024 0 ) (1883 -1280 0 ) (1280 -1280 0 ) 
4 115 118 (2048 -1285 -5 ) (2048 -1285 0 ) (1275 -1285 0 ) (1275 -1285 -5 ) 
4 115 117 (1275 -1285 -5 ) (1275 -1285 0 ) (1275 -1024 0 ) (1275 -1024 -5 ) 
4 115 116 (2048 -1285 -5 ) (1275 -1285 -5 ) (1275 -1024 -5 ) (2048 -1024 -5 ) 
4 116 118 (1275 -1285 -121.809998 ) (2048 -1285 -121.809998 ) (2048 -1285 -5 ) (1275 -1285 -5 ) 
4 116 117 (1275 -1024 -121.809998 ) (1275 -1285 -121.809998 ) (1275 -1285 -5 ) (1275 -1024 -5 ) 
4 117 118 (1268.189941 -1285 -121.809998 ) (1275 -1285 -121.809998 ) (1275 -1285 1145.810059 ) (1268.189941 -1285 1145.810059 ) 
4 119 195 (400.841980 -1024 569.182007 ) (112 -1024 569.182007 ) (112 -1024 272 ) (400.841644 -1024 272 ) 
4 119 151 (112 -1024 272 ) (112 -1024 569.182007 ) (112 -272 569.182007 ) (112 -272 272 ) 
4 119 138 (112 -272 569.182007 ) (112 -14.599976 569.182007 ) (112 -14.600045 272 ) (112 -272 272 ) 
9 119 120 (112 -14.600586 272 ) (282.101563 -48.621094 272 ) (467.460938 -172.523438 272 ) (591.378601 -357.903351 272 ) (634.998047 -576 272 ) (591.379761 -794.092834 272 ) (467.467529 -979.467102 272 ) (400.841675 -1024 272 ) (112 -1024 272 ) 
4 120 196 (112 -1024 272 ) (112 -1024 256 ) (400.841614 -1024 256 ) (400.841644 -1024 272 ) 
4 120 152 (112 -1024 256 ) (112 -1024 272 ) (112 -272 272 ) (112 -272 256 ) 
4 120 139 (112 -272 272 ) (112 -14.600045 272 ) (112 -14.600049 256 ) (112 -272 256 ) 
9 120 121 (112 -14.600586 256 ) (282.101563 -48.621094 256 ) (467.460938 -172.523438 256 ) (591.378601 -357.903290 256 ) (634.998047 -576 256 ) (591.379822 -794.092712 256 ) (467.467682 -979.466858 256 ) (400.841461 -1024 256 ) (112 -1024 256 ) 
4 121 197 (112 -1024 256 ) (112 -1024 64 ) (400.841400 -1024 64 ) (400.841614 -1024 256 ) 
4 121 153 (112 -1024 64 ) (112 -1024 256 ) (112 -272 256 ) (112 -272 64 ) 
4 121 140 (112 -272 256 ) (112 -14.600049 256 ) (112 -14.600095 64 ) (112 -272 64 ) 
5 121 133 (608.467468 -708.654541 64 ) (591.380127 -794.092285 64 ) (518.771484 -902.715759 64 ) (472 -576.002808 64 ) (488.811096 -458.571167 64 ) 
4 121 132 (518.771484 -902.715759 64 ) (467.467712 -979.466797 64 ) (408.607544 -1018.809082 64 ) (472 -576.002808 64 ) 
5 121 134 (600.873901 -405.379791 64 ) (634.998047 -576 64 ) (608.467468 -708.654541 64 ) (488.811096 -458.571167 64 ) (508.743073 -319.342285 64 ) 
4 121 135 (518.772461 -249.284943 64 ) (591.378540 -357.902985 64 ) (600.873901 -405.379791 64 ) (508.743073 -319.342285 64 ) 
5 121 131 (423.916901 -911.870117 64 ) (408.607544 -1018.809082 64 ) (400.841400 -1024 64 ) (330.648071 -1024 64 ) (352.295654 -978.755554 64 ) 
3 121 130 (330.648071 -1024 64 ) (303.847717 -1024 64 ) (352.295654 -978.755554 64 ) 
4 121 127 (508.743073 -319.342316 64 ) (488.811096 -458.571106 64 ) (440.833008 -358.296234 64 ) (423.915802 -240.125397 64 ) 
3 121 126 (488.811096 -458.571106 64 ) (472 -576.002808 64 ) (440.833008 -358.296234 64 ) 
5 121 128 (408.605957 -133.182190 64 ) (467.460938 -172.523438 64 ) (518.772461 -249.284943 64 ) (508.743073 -319.342316 64 ) (423.915802 -240.125397 64 ) 
5 121 125 (329.192810 -80.098953 64 ) (408.605957 -133.182190 64 ) (423.915802 -240.125397 64 ) (352.287109 -173.234070 64 ) (304.412231 -73.174957 64 ) 
3 121 124 (423.915802 -240.125397 64 ) (440.833008 -358.296234 64 ) (352.287109 -173.234070 64 ) 
3 121 123 (219.836426 -49.543457 64 ) (304.412231 -73.174957 64 ) (352.287109 -173.234070 64 ) 
9 121 122 (440.833008 -358.296234 64 ) (472 -576.002808 64 ) (440.832825 -793.708984 64 ) (352.295654 -978.755554 64 ) (303.847717 -1024 64 ) (112 -1024 64 ) (112 -19.412659 64 ) (219.836426 -49.543457 64 ) (352.287109 -173.234070 64 ) 
3 121 129 (440.832825 -793.708984 64 ) (423.916901 -911.870117 64 ) (352.295654 -978.755554 64 ) 
4 121 136 (112 -14.600586 64 ) (282.101563 -48.621094 64 ) (329.192810 -80.098953 64 ) (112 -19.412659 64 ) 
4 122 198 (112 -1024 64 ) (112 -1024 48 ) (303.846680 -1024 48 ) (303.847717 -1024 64 ) 
4 122 153 (112 -1024 48 ) (112 -1024 64 ) (112 -272 64 ) (112 -272 48 ) 
4 122 141 (112 -272 64 ) (112 -19.412659 64 ) (112 -19.411684 48 ) (112 -272 48 ) 
4 122 132 (440.832489 -793.711914 48 ) (472 -576.003662 48 ) (472 -576.003723 64 ) (440.833191 -793.708252 64 ) 
4 122 130 (303.845520 -1024 48 ) (352.298950 -978.750916 48 ) (352.295593 -978.755615 64 ) (303.847778 -1024 64 ) 
4 122 126 (472 -576.005371 64 ) (472 -576.005859 48 ) (440.831451 -358.292023 48 ) (440.831848 -358.293823 64 ) 
4 122 124 (440.830719 -358.292603 64 ) (440.830322 -358.290741 48 ) (352.286926 -173.234848 48 ) (352.285217 -173.232300 64 ) 
4 122 129 (352.295807 -978.757996 64 ) (352.298523 -978.754517 48 ) (440.832733 -793.714783 48 ) (440.833191 -793.711670 64 ) 
9 122 137 (440.832611 -358.294373 48 ) (472 -576.003174 48 ) (440.832367 -793.712097 48 ) (352.298309 -978.752075 48 ) (303.846649 -1024 48 ) (112 -1024 48 ) (112 -19.411682 48 ) (219.833557 -49.541702 48 ) (352.288727 -173.236526 48 ) 
4 122 136 (219.829803 -49.538200 48 ) (112 -19.409229 48 ) (112 -19.409700 64 ) (219.832336 -49.539635 64 ) 
4 122 123 (352.290131 -173.237991 64 ) (352.291809 -173.240509 48 ) (219.832672 -49.540310 48 ) (219.835510 -49.542023 64 ) 
4 123 125 (352.286926 -173.234848 48 ) (304.411926 -73.176003 48 ) (304.411865 -73.176910 64 ) (352.285217 -173.232300 64 ) 
3 123 137 (219.833557 -49.541702 48 ) (304.412231 -73.174026 48 ) (352.288727 -173.236526 48 ) 
4 123 136 (304.410889 -73.171204 48 ) (219.829803 -49.538200 48 ) (219.832336 -49.539635 64 ) (304.410828 -73.172104 64 ) 
4 124 127 (440.831451 -358.292023 48 ) (423.914856 -240.125458 48 ) (423.914886 -240.124512 64 ) (440.831848 -358.293823 64 ) 
3 124 137 (423.915802 -240.126312 48 ) (440.832611 -358.294373 48 ) (352.288727 -173.236511 48 ) 
4 124 125 (423.916046 -240.126648 64 ) (423.916046 -240.127579 48 ) (352.291809 -173.240509 48 ) (352.290131 -173.237991 64 ) 
4 125 128 (423.914856 -240.125458 48 ) (408.605377 -133.184784 48 ) (408.605530 -133.184845 64 ) (423.914886 -240.124512 64 ) 
5 125 137 (329.190430 -80.097366 48 ) (408.605774 -133.182068 48 ) (423.915802 -240.126312 48 ) (352.288727 -173.236511 48 ) (304.412231 -73.174026 48 ) 
4 125 136 (329.176392 -80.090988 48 ) (304.410889 -73.171204 48 ) (304.410828 -73.172104 64 ) (329.175781 -80.091797 64 ) 
4 126 133 (472 -576.003662 48 ) (488.811340 -458.570557 48 ) (488.811310 -458.571564 64 ) (472 -576.003723 64 ) 
3 126 137 (488.811218 -458.570313 48 ) (472 -576.003174 48 ) (440.832611 -358.294434 48 ) 
4 126 127 (488.811157 -458.570587 64 ) (488.811279 -458.569824 48 ) (440.832764 -358.293762 48 ) (440.833160 -358.295624 64 ) 
4 127 134 (488.811340 -458.570557 48 ) (508.743103 -319.343292 48 ) (508.743317 -319.342590 64 ) (488.811310 -458.571564 64 ) 
4 127 128 (508.742859 -319.343628 64 ) (508.742737 -319.344452 48 ) (423.914093 -240.126114 48 ) (423.914093 -240.125183 64 ) 
4 127 137 (508.742950 -319.343140 48 ) (488.811218 -458.570313 48 ) (440.832611 -358.294434 48 ) (423.915802 -240.126343 48 ) 
4 128 135 (508.743103 -319.343292 48 ) (518.772461 -249.286194 48 ) (518.772583 -249.286255 64 ) (508.743317 -319.342590 64 ) 
5 128 137 (408.605774 -133.182068 48 ) (467.460938 -172.523438 48 ) (518.772461 -249.284927 48 ) (508.742950 -319.343140 48 ) (423.915802 -240.126343 48 ) 
4 129 132 (423.917145 -911.868896 48 ) (440.832489 -793.711914 48 ) (440.833191 -793.708252 64 ) (423.917206 -911.869873 64 ) 
4 129 131 (352.298950 -978.750916 48 ) (423.915558 -911.870422 48 ) (423.915405 -911.871521 64 ) (352.295593 -978.755615 64 ) 
3 129 137 (440.832367 -793.712097 48 ) (423.917053 -911.868958 48 ) (352.298309 -978.752075 48 ) 
4 130 199 (303.846680 -1024 48 ) (330.649078 -1024 48 ) (330.648071 -1024 64 ) (303.847717 -1024 64 ) 
3 130 137 (330.649048 -1024 48 ) (303.846649 -1024 48 ) (352.298309 -978.752075 48 ) 
4 130 131 (330.650360 -1024 48 ) (352.298523 -978.754517 48 ) (352.295807 -978.757996 64 ) (330.649353 -1024 64 ) 
4 131 204 (330.649078 -1024 48 ) (400.841370 -1024 48 ) (400.841400 -1024 64 ) (330.648071 -1024 64 ) 
4 131 132 (408.607574 -1018.809082 48 ) (423.917145 -911.868896 48 ) (423.917206 -911.869873 64 ) (408.607819 -1018.808960 64 ) 
5 131 137 (423.917053 -911.868958 48 ) (408.607513 -1018.809082 48 ) (400.841339 -1024 48 ) (330.649048 -1024 48 ) (352.298309 -978.752075 48 ) 
4 132 137 (518.771362 -902.715942 48 ) (467.467804 -979.466675 48 ) (408.607513 -1018.809082 48 ) (472 -576.003296 48 ) 
4 132 133 (518.770508 -902.714844 48 ) (471.998993 -576.005188 48 ) (472 -576.004700 64 ) (518.770508 -902.715088 64 ) 
4 133 134 (608.467651 -708.656799 48 ) (488.811005 -458.570953 48 ) (488.810883 -458.571716 64 ) (608.467712 -708.656189 64 ) 
5 133 137 (608.467590 -708.653809 48 ) (591.380127 -794.092285 48 ) (518.771362 -902.715942 48 ) (472 -576.003296 48 ) (488.811218 -458.570313 48 ) 
4 134 135 (600.875000 -405.382813 48 ) (508.738647 -319.341248 48 ) (508.738770 -319.340424 64 ) (600.874939 -405.382843 64 ) 
5 134 137 (600.874146 -405.380920 48 ) (634.998047 -576 48 ) (608.467590 -708.653809 48 ) (488.811218 -458.570313 48 ) (508.742950 -319.343079 48 ) 
4 135 137 (518.772461 -249.284927 48 ) (591.378540 -357.902954 48 ) (600.874146 -405.380920 48 ) (508.742950 -319.343079 48 ) 
4 136 142 (112 -19.412659 64 ) (112 -14.600095 64 ) (112 -14.600099 48 ) (112 -19.411684 48 ) 
4 136 137 (112 -14.600586 48 ) (282.101563 -48.621094 48 ) (329.190430 -80.097366 48 ) (112 -19.411682 48 ) 
4 137 206 (112 -1024 16 ) (112 -1024 -377.182007 ) (400.840881 -1024 -377.182007 ) (400.841339 -1024 16 ) 
4 137 205 (112 -1024 48 ) (112 -1024 16 ) (400.841339 -1024 16 ) (400.841370 -1024 48 ) 
4 137 168 (112 -784 -80 ) (112 -784 -48 ) (112 -688 -48 ) (112 -688 -80 ) 
4 137 169 (112 -688 -377.182007 ) (112 -784 -377.182007 ) (112 -784 -96 ) (112 -688 -96 ) 
4 137 170 (112 -784 -377.182007 ) (112 -1024 -377.182007 ) (112 -1024 -48 ) (112 -784 -48 ) 
4 137 165 (112 -656 -128 ) (112 -656 -48 ) (112 -560 -48 ) (112 -560 -128 ) 
4 137 166 (112 -560 -377.182007 ) (112 -656 -377.182007 ) (112 -656 -144 ) (112 -560 -144 ) 
4 137 164 (112 -528 -377.182007 ) (112 -560 -377.182007 ) (112 -560 -48 ) (112 -528 -48 ) 
4 137 167 (112 -656 -377.182007 ) (112 -688 -377.182007 ) (112 -688 -48 ) (112 -656 -48 ) 
4 137 162 (112 -528 -176 ) (112 -528 -48 ) (112 -432 -48 ) (112 -432 -176 ) 
4 137 163 (112 -432 -377.182007 ) (112 -528 -377.182007 ) (112 -528 -192 ) (112 -432 -192 ) 
4 137 159 (112 -400 -224 ) (112 -400 -48 ) (112 -304 -48 ) (112 -304 -224 ) 
4 137 160 (112 -304 -377.182007 ) (112 -400 -377.182007 ) (112 -400 -240 ) (112 -304 -240 ) 
4 137 158 (112 -272 -377.182007 ) (112 -304 -377.182007 ) (112 -304 -48 ) (112 -272 -48 ) 
4 137 161 (112 -400 -377.182007 ) (112 -432 -377.182007 ) (112 -432 -48 ) (112 -400 -48 ) 
4 137 156 (112 -816 -32 ) (112 -272 -32 ) (112 -272 -48 ) (112 -816 -48 ) 
4 137 157 (112 -1024 -48 ) (112 -1024 -32 ) (112 -912 -32 ) (112 -912 -48 ) 
4 137 155 (112 -1024 -32 ) (112 -1024 0 ) (112 -944 0 ) (112 -944 -32 ) 
4 137 154 (112 -944 16 ) (112 -272 16 ) (112 -272 -32 ) (112 -944 -32 ) 
4 137 153 (112 -1024 16 ) (112 -1024 48 ) (112 -272 48 ) (112 -272 16 ) 
4 137 150 (112 -176 -377.182007 ) (112 -272 -377.182007 ) (112 -272 -288 ) (112 -176 -288 ) 
4 137 147 (112 -144 -320 ) (112 -144 -272 ) (112 -48 -272 ) (112 -48 -320 ) 
4 137 148 (112 -48 -377.182007 ) (112 -144 -377.182007 ) (112 -144 -336 ) (112 -48 -336 ) 
4 137 149 (112 -144 -377.182007 ) (112 -176 -377.182007 ) (112 -176 -272 ) (112 -144 -272 ) 
4 137 146 (112 -14.600199 -377.182007 ) (112 -48 -377.182007 ) (112 -48 -272 ) (112 -14.600174 -272 ) 
4 137 145 (112 -272 -272 ) (112 -272 48 ) (112 -14.600099 48 ) (112 -14.600174 -272 ) 
4 138 171 (16 -272 272 ) (16 -272 569.182007 ) (16 -14.598633 569.182007 ) (16 -14.599007 272 ) 
4 138 151 (16 -272 569.182007 ) (16 -272 272 ) (112 -272 272 ) (112 -272 569.182007 ) 
5 138 139 (16 -14.599091 272 ) (64 -5 272 ) (112 -14.599023 272 ) (112 -272 272 ) (16 -272 272 ) 
4 139 172 (16 -272 256 ) (16 -272 272 ) (16 -14.599007 272 ) (16 -14.599027 256 ) 
4 139 152 (16 -272 272 ) (16 -272 256 ) (112 -272 256 ) (112 -272 272 ) 
5 139 140 (16 -14.599091 256 ) (64 -5 256 ) (112 -14.599023 256 ) (112 -272 256 ) (16 -272 256 ) 
4 140 173 (16 -272 64 ) (16 -272 256 ) (16 -14.599027 256 ) (16 -14.599269 64 ) 
4 140 153 (16 -272 256 ) (16 -272 64 ) (112 -272 64 ) (112 -272 256 ) 
4 140 144 (61.910385 -5.416949 64 ) (64 -5 64 ) (66.084908 -5.416005 64 ) (63.995949 -6 64 ) 
4 140 143 (16 -14.599091 64 ) (61.910385 -5.416949 64 ) (63.995949 -6 64 ) (16 -19.410263 64 ) 
4 140 142 (66.084908 -5.416005 64 ) (112 -14.599023 64 ) (112 -19.412605 64 ) (63.995953 -6 64 ) 
5 140 141 (112 -19.412605 64 ) (112 -272 64 ) (16 -272 64 ) (16 -19.410263 64 ) (63.995953 -6 64 ) 
4 141 174 (16 -272 48 ) (16 -272 64 ) (16 -19.410278 64 ) (16 -19.410290 48 ) 
4 141 153 (16 -272 64 ) (16 -272 48 ) (112 -272 48 ) (112 -272 64 ) 
4 141 143 (63.997395 -6 48 ) (16 -19.410152 48 ) (16 -19.411438 64 ) (63.998028 -6 64 ) 
5 141 145 (112 -19.411684 48 ) (112 -272 48 ) (16 -272 48 ) (16 -19.410294 48 ) (63.997646 -6 48 ) 
4 141 142 (112 -19.410461 48 ) (63.998833 -5.998413 48 ) (63.997143 -5.998861 64 ) (112 -19.411449 64 ) 
4 142 144 (66.082405 -5.416590 48 ) (63.997395 -6 48 ) (63.998028 -6 64 ) (66.082031 -5.417969 64 ) 
4 142 145 (66.084961 -5.416016 48 ) (112 -14.599023 48 ) (112 -19.411684 48 ) (63.997646 -6 48 ) 
4 143 175 (16 -19.410278 64 ) (16 -14.599269 64 ) (16 -14.599289 48 ) (16 -19.410290 48 ) 
4 143 145 (16 -14.599091 48 ) (61.912308 -5.416565 48 ) (63.997646 -6 48 ) (16 -19.410294 48 ) 
4 143 144 (63.997143 -5.998860 64 ) (63.998833 -5.998413 48 ) (61.915165 -5.416210 48 ) (61.910156 -5.416016 64 ) 
4 144 145 (61.912308 -5.416565 48 ) (64 -5 48 ) (66.084961 -5.416016 48 ) (63.997646 -6 48 ) 
4 145 176 (16 -272 -272 ) (16 -272 48 ) (16 -14.599289 48 ) (16 -14.599692 -272 ) 
4 145 158 (16 -272 -48 ) (16 -272 -272 ) (112 -272 -272 ) (112 -272 -48 ) 
4 145 156 (16 -272 -32 ) (16 -272 -48 ) (112 -272 -48 ) (112 -272 -32 ) 
4 145 154 (16 -272 16 ) (16 -272 -32 ) (112 -272 -32 ) (112 -272 16 ) 
4 145 153 (16 -272 48 ) (16 -272 16 ) (112 -272 16 ) (112 -272 48 ) 
4 145 147 (16 -144 -272 ) (16 -48 -272 ) (112 -48 -272 ) (112 -144 -272 ) 
4 145 149 (16 -176 -272 ) (16 -144 -272 ) (112 -144 -272 ) (112 -176 -272 ) 
5 145 146 (16 -48 -272 ) (16 -14.599670 -272 ) (63.998672 -5 -272 ) (112 -14.600178 -272 ) (112 -48 -272 ) 
4 146 176 (16 -14.599826 -377.182007 ) (16 -48 -377.182007 ) (16 -48 -272 ) (16 -14.599693 -272 ) 
4 146 147 (112 -48 -320 ) (112 -48 -272 ) (16 -48 -272 ) (16 -48 -320 ) 
4 146 148 (112 -48 -377.182007 ) (112 -48 -336 ) (16 -48 -336 ) (16 -48 -377.182007 ) 
4 147 176 (16 -144 -320 ) (16 -144 -272 ) (16 -48 -272 ) (16 -48 -320 ) 
4 147 149 (112 -144 -320 ) (112 -144 -272 ) (16 -144 -272 ) (16 -144 -320 ) 
4 148 176 (16 -48 -377.182007 ) (16 -144 -377.182007 ) (16 -144 -336 ) (16 -48 -336 ) 
4 148 149 (112 -144 -377.182007 ) (112 -144 -336 ) (16 -144 -336 ) (16 -144 -377.182007 ) 
4 149 176 (16 -144 -377.182007 ) (16 -176 -377.182007 ) (16 -176 -272 ) (16 -144 -272 ) 
4 149 150 (112 -176 -377.182007 ) (112 -176 -288 ) (16 -176 -288 ) (16 -176 -377.182007 ) 
4 150 176 (16 -176 -377.182007 ) (16 -272 -377.182007 ) (16 -272 -288 ) (16 -176 -288 ) 
4 150 158 (16 -272 -288 ) (16 -272 -377.182007 ) (112 -272 -377.182007 ) (112 -272 -288 ) 
4 151 195 (112 -1024 569.182007 ) (16 -1024 569.182007 ) (16 -1024 272 ) (112 -1024 272 ) 
4 151 171 (16 -1024 272 ) (16 -1024 569.182007 ) (16 -272 569.182007 ) (16 -272 272 ) 
4 151 152 (16 -1024 272 ) (16 -272 272 ) (112 -272 272 ) (112 -1024 272 ) 
4 152 196 (16 -1024 272 ) (16 -1024 256 ) (112 -1024 256 ) (112 -1024 272 ) 
4 152 172 (16 -1024 256 ) (16 -1024 272 ) (16 -272 272 ) (16 -272 256 ) 
4 152 153 (16 -1024 256 ) (16 -272 256 ) (112 -272 256 ) (112 -1024 256 ) 
4 153 198 (16 -1024 64 ) (16 -1024 48 ) (112 -1024 48 ) (112 -1024 64 ) 
4 153 205 (16 -1024 48 ) (16 -1024 16 ) (112 -1024 16 ) (112 -1024 48 ) 
4 153 197 (16 -1024 256 ) (16 -1024 64 ) (112 -1024 64 ) (112 -1024 256 ) 
4 153 174 (16 -1024 48 ) (16 -1024 64 ) (16 -272 64 ) (16 -272 48 ) 
4 153 176 (16 -1024 16 ) (16 -1024 48 ) (16 -272 48 ) (16 -272 16 ) 
4 153 173 (16 -1024 64 ) (16 -1024 256 ) (16 -272 256 ) (16 -272 64 ) 
4 153 154 (16 -944 16 ) (16 -272 16 ) (112 -272 16 ) (112 -944 16 ) 
4 154 176 (16 -944 16 ) (16 -272 16 ) (16 -272 -32 ) (16 -944 -32 ) 
4 154 156 (16 -816 -32 ) (16 -272 -32 ) (112 -272 -32 ) (112 -816 -32 ) 
4 154 157 (16 -944 -32 ) (16 -912 -32 ) (112 -912 -32 ) (112 -944 -32 ) 
4 154 155 (16 -944 -32 ) (112 -944 -32 ) (112 -944 0 ) (16 -944 0 ) 
4 155 207 (16 -1024 0 ) (16 -1024 -32 ) (112 -1024 -32 ) (112 -1024 0 ) 
4 155 176 (16 -1024 -32 ) (16 -1024 0 ) (16 -944 0 ) (16 -944 -32 ) 
4 155 157 (16 -1024 -32 ) (16 -944 -32 ) (112 -944 -32 ) (112 -1024 -32 ) 
4 156 176 (16 -816 -32 ) (16 -272 -32 ) (16 -272 -48 ) (16 -816 -48 ) 
4 156 168 (16 -784 -48 ) (16 -688 -48 ) (112 -688 -48 ) (112 -784 -48 ) 
4 156 170 (16 -816 -48 ) (16 -784 -48 ) (112 -784 -48 ) (112 -816 -48 ) 
4 156 165 (16 -656 -48 ) (16 -560 -48 ) (112 -560 -48 ) (112 -656 -48 ) 
4 156 164 (16 -560 -48 ) (16 -528 -48 ) (112 -528 -48 ) (112 -560 -48 ) 
4 156 167 (16 -688 -48 ) (16 -656 -48 ) (112 -656 -48 ) (112 -688 -48 ) 
4 156 162 (16 -528 -48 ) (16 -432 -48 ) (112 -432 -48 ) (112 -528 -48 ) 
4 156 159 (16 -400 -48 ) (16 -304 -48 ) (112 -304 -48 ) (112 -400 -48 ) 
4 156 158 (16 -304 -48 ) (16 -272 -48 ) (112 -272 -48 ) (112 -304 -48 ) 
4 156 161 (16 -432 -48 ) (16 -400 -48 ) (112 -400 -48 ) (112 -432 -48 ) 
4 157 207 (16 -1024 -32 ) (16 -1024 -48 ) (112 -1024 -48 ) (112 -1024 -32 ) 
4 157 176 (16 -1024 -48 ) (16 -1024 -32 ) (16 -912 -32 ) (16 -912 -48 ) 
4 157 170 (16 -1024 -48 ) (16 -912 -48 ) (112 -912 -48 ) (112 -1024 -48 ) 
4 158 176 (16 -272 -377.182007 ) (16 -304 -377.182007 ) (16 -304 -48 ) (16 -272 -48 ) 
4 158 159 (112 -304 -224 ) (112 -304 -48 ) (16 -304 -48 ) (16 -304 -224 ) 
4 158 160 (112 -304 -377.182007 ) (112 -304 -240 ) (16 -304 -240 ) (16 -304 -377.182007 ) 
4 159 176 (16 -400 -224 ) (16 -400 -48 ) (16 -304 -48 ) (16 -304 -224 ) 
4 159 161 (112 -400 -224 ) (112 -400 -48 ) (16 -400 -48 ) (16 -400 -224 ) 
4 160 176 (16 -304 -377.182007 ) (16 -400 -377.182007 ) (16 -400 -240 ) (16 -304 -240 ) 
4 160 161 (112 -400 -377.182007 ) (112 -400 -240 ) (16 -400 -240 ) (16 -400 -377.182007 ) 
4 161 176 (16 -400 -377.182007 ) (16 -432 -377.182007 ) (16 -432 -48 ) (16 -400 -48 ) 
4 161 162 (112 -432 -176 ) (112 -432 -48 ) (16 -432 -48 ) (16 -432 -176 ) 
4 161 163 (112 -432 -377.182007 ) (112 -432 -192 ) (16 -432 -192 ) (16 -432 -377.182007 ) 
4 162 176 (16 -528 -176 ) (16 -528 -48 ) (16 -432 -48 ) (16 -432 -176 ) 
4 162 164 (112 -528 -176 ) (112 -528 -48 ) (16 -528 -48 ) (16 -528 -176 ) 
4 163 176 (16 -432 -377.182007 ) (16 -528 -377.182007 ) (16 -528 -192 ) (16 -432 -192 ) 
4 163 164 (112 -528 -377.182007 ) (112 -528 -192 ) (16 -528 -192 ) (16 -528 -377.182007 ) 
4 164 176 (16 -528 -377.182007 ) (16 -560 -377.182007 ) (16 -560 -48 ) (16 -528 -48 ) 
4 164 165 (112 -560 -128 ) (112 -560 -48 ) (16 -560 -48 ) (16 -560 -128 ) 
4 164 166 (112 -560 -377.182007 ) (112 -560 -144 ) (16 -560 -144 ) (16 -560 -377.182007 ) 
4 165 176 (16 -656 -128 ) (16 -656 -48 ) (16 -560 -48 ) (16 -560 -128 ) 
4 165 167 (112 -656 -128 ) (112 -656 -48 ) (16 -656 -48 ) (16 -656 -128 ) 
4 166 176 (16 -560 -377.182007 ) (16 -656 -377.182007 ) (16 -656 -144 ) (16 -560 -144 ) 
4 166 167 (112 -656 -377.182007 ) (112 -656 -144 ) (16 -656 -144 ) (16 -656 -377.182007 ) 
4 167 176 (16 -656 -377.182007 ) (16 -688 -377.182007 ) (16 -688 -48 ) (16 -656 -48 ) 
4 167 168 (112 -688 -80 ) (112 -688 -48 ) (16 -688 -48 ) (16 -688 -80 ) 
4 167 169 (112 -688 -377.182007 ) (112 -688 -96 ) (16 -688 -96 ) (16 -688 -377.182007 ) 
4 168 176 (16 -784 -80 ) (16 -784 -48 ) (16 -688 -48 ) (16 -688 -80 ) 
4 168 170 (112 -784 -80 ) (112 -784 -48 ) (16 -784 -48 ) (16 -784 -80 ) 
4 169 176 (16 -688 -377.182007 ) (16 -784 -377.182007 ) (16 -784 -96 ) (16 -688 -96 ) 
4 169 170 (112 -784 -377.182007 ) (112 -784 -96 ) (16 -784 -96 ) (16 -784 -377.182007 ) 
4 170 207 (16 -1024 -48 ) (16 -1024 -377.182007 ) (112 -1024 -377.182007 ) (112 -1024 -48 ) 
4 170 176 (16 -784 -377.182007 ) (16 -1024 -377.182007 ) (16 -1024 -48 ) (16 -784 -48 ) 
4 171 195 (16 -1024 569.182007 ) (0 -1024 569.182007 ) (0 -1024 272 ) (16 -1024 272 ) 
4 171 177 (0 -1024 272 ) (0 -1024 569.182007 ) (0 -17.798645 569.182007 ) (0 -17.799021 272 ) 
4 171 172 (0 -1024 272 ) (0 -17.798828 272 ) (16 -14.598633 272 ) (16 -1024 272 ) 
4 172 196 (0 -1024 272 ) (0 -1024 256 ) (16 -1024 256 ) (16 -1024 272 ) 
4 172 178 (0 -1024 256 ) (0 -1024 272 ) (0 -17.799021 272 ) (0 -17.799042 256 ) 
4 172 173 (0 -17.798645 256 ) (16 -14.598633 256 ) (16 -1024 256 ) (0 -1024 256 ) 
4 173 197 (0 -1024 256 ) (0 -1024 64 ) (16 -1024 64 ) (16 -1024 256 ) 
4 173 179 (0 -1024 64 ) (0 -1024 256 ) (0 -17.799042 256 ) (0 -17.799286 64 ) 
4 173 175 (0 -23.880859 64 ) (0 -17.798828 64 ) (16 -14.598633 64 ) (16 -19.410263 64 ) 
4 173 174 (0 -1024 64 ) (0 -23.880859 64 ) (16 -19.410263 64 ) (16 -1024 64 ) 
4 174 198 (0 -1024 64 ) (0 -1024 48 ) (16 -1024 48 ) (16 -1024 64 ) 
4 174 180 (0 -1024 48 ) (0 -1024 64 ) (0 -23.880859 64 ) (0 -23.880861 48 ) 
4 174 176 (16 -19.410290 48 ) (16 -1024 48 ) (0 -1024 48 ) (0 -23.880859 48 ) 
4 174 175 (16 -19.410149 48 ) (0 -23.880720 48 ) (0 -23.880859 64 ) (16 -19.410156 64 ) 
4 175 187 (0 -23.880859 64 ) (0 -17.799286 64 ) (0 -17.799307 48 ) (0 -23.880861 48 ) 
4 175 176 (0 -17.798645 48 ) (16 -14.598633 48 ) (16 -19.410290 48 ) (0 -23.880859 48 ) 
4 176 208 (0 -1024 16 ) (0 -1024 -377.182007 ) (16 -1024 -377.182007 ) (16 -1024 16 ) 
4 176 205 (0 -1024 48 ) (0 -1024 16 ) (16 -1024 16 ) (16 -1024 48 ) 
4 176 194 (0 -17.799845 -377.182007 ) (0 -1024 -377.182007 ) (0 -1024 48 ) (0 -17.799307 48 ) 
4 177 210 (0 -1024 272 ) (0 -1024 569.182007 ) (-272.847778 -1024 569.182007 ) (-272.847473 -1024 272 ) 
9 177 178 (-272.854797 -1024 272 ) (-339.468750 -979.472656 272 ) (-463.379883 -794.099609 272 ) (-507 -576.001465 272 ) (-463.380524 -357.905701 272 ) (-339.465454 -172.529037 272 ) (-154.093750 -48.617188 272 ) (0 -17.798285 272 ) (0 -1024 272 ) 
4 178 211 (0 -1024 256 ) (0 -1024 272 ) (-272.847473 -1024 272 ) (-272.847443 -1024 256 ) 
9 178 179 (0 -1024 256 ) (-272.859375 -1024 256 ) (-339.468750 -979.472656 256 ) (-463.379883 -794.099609 256 ) (-507 -576.001465 256 ) (-463.380524 -357.905640 256 ) (-339.465454 -172.529022 256 ) (-154.093750 -48.617188 256 ) (0 -17.798285 256 ) 
4 179 212 (0 -1024 64 ) (0 -1024 256 ) (-272.847443 -1024 256 ) (-272.847229 -1024 64 ) 
5 179 192 (-472.876617 -746.615967 64 ) (-507 -576.001526 64 ) (-480.468445 -443.345734 64 ) (-312.832245 -793.706299 64 ) (-295.915131 -911.876526 64 ) 
4 179 191 (-480.468445 -443.345734 64 ) (-463.380341 -357.904938 64 ) (-390.771332 -249.282074 64 ) (-312.832245 -793.706299 64 ) 
3 179 189 (-201.174149 -80.091049 64 ) (-169.640121 -59.012123 64 ) (-176.415756 -73.173286 64 ) 
5 179 188 (-169.640121 -59.012123 64 ) (-154.089539 -48.617336 64 ) (-73.605659 -32.520485 64 ) (-91.829399 -49.538948 64 ) (-176.415756 -73.173286 64 ) 
4 179 187 (-73.605659 -32.520485 64 ) (0 -17.799284 64 ) (0 -23.880835 64 ) (-91.829399 -49.538948 64 ) 
5 179 185 (-280.607452 -133.188232 64 ) (-201.174149 -80.091049 64 ) (-176.415756 -73.173286 64 ) (-224.296783 -173.245285 64 ) (-295.916962 -240.128662 64 ) 
3 179 184 (-176.415756 -73.173286 64 ) (-91.829399 -49.538956 64 ) (-224.296783 -173.245285 64 ) 
5 179 186 (-390.771332 -249.282074 64 ) (-339.469391 -172.534485 64 ) (-280.607452 -133.188232 64 ) (-295.916962 -240.128662 64 ) (-380.741486 -319.343079 64 ) 
4 179 183 (-360.811096 -458.561951 64 ) (-380.741486 -319.343079 64 ) (-295.916931 -240.128616 64 ) (-312.832153 -358.285309 64 ) 
3 179 182 (-295.916931 -240.128616 64 ) (-224.296799 -173.245255 64 ) (-312.832153 -358.285309 64 ) 
3 179 181 (-344 -575.995850 64 ) (-360.811096 -458.561951 64 ) (-312.832153 -358.285278 64 ) 
9 179 180 (-91.829399 -49.538956 64 ) (0 -23.880835 64 ) (0 -1024 64 ) (-175.853012 -1024 64 ) (-224.285080 -978.770325 64 ) (-312.832245 -793.706238 64 ) (-344 -575.995850 64 ) (-312.832153 -358.285278 64 ) (-224.296799 -173.245255 64 ) 
3 179 190 (-224.285080 -978.770325 64 ) (-295.915131 -911.876526 64 ) (-312.832245 -793.706238 64 ) 
5 179 193 (-272.848938 -1024 64 ) (-339.468750 -979.468750 64 ) (-463.380371 -794.097168 64 ) (-472.876617 -746.615967 64 ) (-175.853012 -1024 64 ) 
4 180 213 (0 -1024 48 ) (0 -1024 64 ) (-175.853027 -1024 64 ) (-175.855103 -1024 48 ) 
9 180 194 (0 -1024 48 ) (-175.855103 -1024 48 ) (-224.284958 -978.772339 48 ) (-312.832275 -793.707947 48 ) (-344 -575.997803 48 ) (-312.831970 -358.286011 48 ) (-224.295212 -173.242996 48 ) (-91.830681 -49.539337 48 ) (0 -23.880861 48 ) 
4 180 191 (-344 -575.995483 48 ) (-312.831207 -793.710144 48 ) (-312.831116 -793.708557 64 ) (-344 -575.993042 64 ) 
4 180 187 (0 -23.880949 48 ) (-91.830917 -49.539558 48 ) (-91.828514 -49.538124 64 ) (0 -23.880257 64 ) 
4 180 184 (-91.829727 -49.537857 64 ) (-91.831001 -49.538239 48 ) (-224.293823 -173.240112 48 ) (-224.295410 -173.242401 64 ) 
4 180 182 (-224.298279 -173.243469 64 ) (-224.296707 -173.241196 48 ) (-312.830841 -358.278076 48 ) (-312.831055 -358.277527 64 ) 
4 180 190 (-312.833893 -793.701477 64 ) (-312.833923 -793.703369 48 ) (-224.283646 -978.773193 48 ) (-224.283661 -978.771240 64 ) 
4 180 193 (-224.283142 -978.776184 48 ) (-175.857330 -1024 48 ) (-175.857193 -1024 64 ) (-224.281708 -978.777344 64 ) 
4 180 181 (-312.833282 -358.286682 64 ) (-312.833099 -358.287262 48 ) (-344 -575.993835 48 ) (-344 -575.991821 64 ) 
3 181 194 (-344 -575.997803 48 ) (-360.811188 -458.563202 48 ) (-312.831970 -358.286011 48 ) 
4 181 191 (-360.810699 -458.562164 48 ) (-344 -575.995483 48 ) (-344 -575.993042 64 ) (-360.810486 -458.560638 64 ) 
4 181 183 (-312.830841 -358.278076 48 ) (-360.811859 -458.558716 48 ) (-360.811737 -458.557465 64 ) (-312.831055 -358.277527 64 ) 
3 182 194 (-295.916473 -240.127411 48 ) (-224.295212 -173.242996 48 ) (-312.831970 -358.285980 48 ) 
4 182 185 (-224.293823 -173.240112 48 ) (-295.916199 -240.125458 48 ) (-295.916687 -240.126709 64 ) (-224.295410 -173.242401 64 ) 
4 182 183 (-295.917908 -240.127136 64 ) (-295.917450 -240.125900 48 ) (-312.833099 -358.287262 48 ) (-312.833282 -358.286682 64 ) 
4 183 194 (-360.811188 -458.563202 48 ) (-380.741852 -319.342651 48 ) (-295.916473 -240.127411 48 ) (-312.831970 -358.285980 48 ) 
4 183 191 (-380.741333 -319.342163 48 ) (-360.810699 -458.562164 48 ) (-360.810486 -458.560638 64 ) (-380.740784 -319.342468 64 ) 
4 183 186 (-295.916199 -240.125458 48 ) (-380.742126 -319.341064 48 ) (-380.741760 -319.341553 64 ) (-295.916687 -240.126709 64 ) 
3 184 194 (-176.415192 -73.173157 48 ) (-91.830681 -49.539337 48 ) (-224.295197 -173.242981 48 ) 
4 184 188 (-91.830917 -49.539558 48 ) (-176.415314 -73.173409 48 ) (-176.415436 -73.172615 64 ) (-91.828514 -49.538124 64 ) 
4 184 185 (-176.418365 -73.174019 64 ) (-176.417816 -73.173889 48 ) (-224.298553 -173.245392 48 ) (-224.300125 -173.247665 64 ) 
5 185 194 (-280.607117 -133.188019 48 ) (-201.174210 -80.091095 48 ) (-176.415192 -73.173157 48 ) (-224.295197 -173.242981 48 ) (-295.916473 -240.127411 48 ) 
4 185 189 (-176.415314 -73.173409 48 ) (-201.174820 -80.091499 48 ) (-201.172668 -80.090050 64 ) (-176.415436 -73.172615 64 ) 
4 185 186 (-280.608246 -133.187683 64 ) (-280.607941 -133.187500 48 ) (-295.917389 -240.126755 48 ) (-295.917847 -240.127991 64 ) 
5 186 194 (-380.741852 -319.342651 48 ) (-390.771606 -249.282410 48 ) (-339.469482 -172.534546 48 ) (-280.607117 -133.188019 48 ) (-295.916473 -240.127411 48 ) 
4 186 191 (-390.771118 -249.281754 48 ) (-380.741333 -319.342163 48 ) (-380.740784 -319.342468 64 ) (-390.770691 -249.281128 64 ) 
4 187 194 (0 -17.799303 48 ) (0 -23.880861 48 ) (-91.830681 -49.539337 48 ) (-73.606781 -32.520729 48 ) 
4 187 188 (-73.607803 -32.522106 64 ) (-73.608932 -32.522350 48 ) (-91.831123 -49.539459 48 ) (-91.829849 -49.539078 64 ) 
5 188 194 (-91.830681 -49.539337 48 ) (-176.415207 -73.173164 48 ) (-169.639404 -59.011650 48 ) (-154.089584 -48.617371 48 ) (-73.606781 -32.520729 48 ) 
4 188 189 (-169.640778 -59.012573 48 ) (-176.415695 -73.172256 48 ) (-176.416245 -73.172386 64 ) (-169.641464 -59.013004 64 ) 
3 189 194 (-169.639404 -59.011650 48 ) (-176.415207 -73.173164 48 ) (-201.174225 -80.091103 48 ) 
3 190 194 (-224.284958 -978.772339 48 ) (-295.915131 -911.878418 48 ) (-312.832275 -793.707947 48 ) 
4 190 192 (-312.831207 -793.710144 48 ) (-295.914520 -911.877075 48 ) (-295.914520 -911.875122 64 ) (-312.831116 -793.708557 64 ) 
4 190 193 (-295.914795 -911.880920 48 ) (-224.283142 -978.776184 48 ) (-224.281708 -978.777344 64 ) (-295.914490 -911.880981 64 ) 
4 191 194 (-480.468689 -443.347046 48 ) (-463.380310 -357.904846 48 ) (-390.771606 -249.282410 48 ) (-312.832275 -793.708008 48 ) 
4 191 192 (-480.468262 -443.344727 48 ) (-312.833923 -793.703369 48 ) (-312.833893 -793.701477 64 ) (-480.468262 -443.344757 64 ) 
5 192 194 (-295.915131 -911.878418 48 ) (-472.876129 -746.618286 48 ) (-507 -576.001526 48 ) (-480.468689 -443.347046 48 ) (-312.832275 -793.708008 48 ) 
4 192 193 (-472.875549 -746.621094 48 ) (-295.914795 -911.880920 48 ) (-295.914490 -911.880981 64 ) (-472.875671 -746.620605 64 ) 
4 193 214 (-175.853027 -1024 64 ) (-272.847229 -1024 64 ) (-272.847198 -1024 48 ) (-175.855103 -1024 48 ) 
5 193 194 (-175.855103 -1024 48 ) (-272.851563 -1024 48 ) (-339.468750 -979.468750 48 ) (-463.380371 -794.097168 48 ) (-472.876129 -746.618286 48 ) 
4 194 216 (0 -1024 -377.182007 ) (0 -1024 48 ) (-272.847198 -1024 48 ) (-272.846771 -1024 -377.182007 ) 
4 195 210 (0 -1024 569.182007 ) (0 -1024 272 ) (0 -1134.201660 272 ) (0 -1134.201538 569.182007 ) 
5 195 196 (400.847656 -1024 272 ) (282.074219 -1103.386719 272 ) (64.006424 -1147.001465 272 ) (0 -1134.201782 272 ) (0 -1024 272 ) 
4 196 211 (0 -1024 272 ) (0 -1024 256 ) (0 -1134.201660 256 ) (0 -1134.201660 272 ) 
5 196 197 (400.847656 -1024 256 ) (282.074219 -1103.386719 256 ) (64.006424 -1147.001465 256 ) (0 -1134.201782 256 ) (0 -1024 256 ) 
4 197 212 (0 -1024 256 ) (0 -1024 64 ) (0 -1134.201782 64 ) (0 -1134.201660 256 ) 
4 197 203 (66.091568 -1146.584351 64 ) (64.006119 -1147.001465 64 ) (61.919052 -1146.584106 64 ) (64.004662 -1146.001343 64 ) 
4 197 202 (61.919052 -1146.584106 64 ) (0 -1134.201782 64 ) (0 -1128.118896 64 ) (64.004662 -1146.001343 64 ) 
5 197 201 (297.643951 -1092.980103 64 ) (282.074219 -1103.386719 64 ) (201.606628 -1119.480591 64 ) (219.832611 -1102.459839 64 ) (304.416443 -1078.825317 64 ) 
4 197 200 (201.606628 -1119.480591 64 ) (66.091568 -1146.584351 64 ) (64.004662 -1146.001343 64 ) (219.832611 -1102.459839 64 ) 
4 197 199 (303.847717 -1024 64 ) (330.648071 -1024 64 ) (304.416443 -1078.825317 64 ) (219.832626 -1102.459839 64 ) 
5 197 198 (64.004662 -1146.001343 64 ) (0 -1128.118896 64 ) (0 -1024 64 ) (303.847717 -1024 64 ) (219.832626 -1102.459839 64 ) 
3 197 204 (400.847656 -1024 64 ) (297.643951 -1092.980103 64 ) (330.648071 -1024 64 ) 
4 198 213 (0 -1024 64 ) (0 -1024 48 ) (0 -1128.118286 48 ) (0 -1128.118896 64 ) 
4 198 202 (0 -1128.119995 48 ) (64.003120 -1146.002075 48 ) (64.004349 -1146.001343 64 ) (0 -1128.119019 64 ) 
4 198 200 (64.001793 -1146.001587 64 ) (64.003296 -1146.001465 48 ) (219.831161 -1102.460205 48 ) (219.833130 -1102.459351 64 ) 
5 198 205 (64.006432 -1146.001221 48 ) (0 -1128.118286 48 ) (0 -1024 48 ) (303.846619 -1024 48 ) (219.830734 -1102.460571 48 ) 
4 198 199 (219.831604 -1102.459839 64 ) (219.829758 -1102.460571 48 ) (303.845184 -1024 48 ) (303.846222 -1024 64 ) 
4 199 201 (219.831161 -1102.460205 48 ) (304.418152 -1078.824951 48 ) (304.417084 -1078.824951 64 ) (219.833130 -1102.459351 64 ) 
4 199 204 (304.419769 -1078.824463 48 ) (330.651062 -1024 48 ) (330.650391 -1024 64 ) (304.419769 -1078.824219 64 ) 
4 199 205 (303.846619 -1024 48 ) (330.649078 -1024 48 ) (304.417511 -1078.825195 48 ) (219.830734 -1102.460571 48 ) 
4 200 203 (64.003120 -1146.002075 48 ) (66.085938 -1146.583984 48 ) (66.085358 -1146.582764 64 ) (64.004349 -1146.001343 64 ) 
4 200 205 (201.605286 -1119.480957 48 ) (66.092896 -1146.584106 48 ) (64.006432 -1146.001221 48 ) (219.830750 -1102.460571 48 ) 
4 200 201 (201.608429 -1119.477417 48 ) (219.829758 -1102.460571 48 ) (219.831604 -1102.459839 64 ) (201.609711 -1119.477173 64 ) 
4 201 204 (297.652344 -1092.968750 48 ) (304.419769 -1078.824463 48 ) (304.419769 -1078.824219 64 ) (297.652344 -1092.968750 64 ) 
5 201 205 (297.645447 -1092.979126 48 ) (282.074219 -1103.386719 48 ) (201.605286 -1119.480957 48 ) (219.830750 -1102.460571 48 ) (304.417511 -1078.825195 48 ) 
4 202 215 (0 -1128.118286 48 ) (0 -1134.201782 48 ) (0 -1134.201782 64 ) (0 -1128.118896 64 ) 
4 202 205 (61.919579 -1146.584229 48 ) (0 -1134.201782 48 ) (0 -1128.118286 48 ) (64.006439 -1146.001221 48 ) 
4 202 203 (61.918777 -1146.584106 48 ) (64.003296 -1146.001465 48 ) (64.001793 -1146.001587 64 ) (61.917934 -1146.583862 64 ) 
4 203 205 (66.092896 -1146.584106 48 ) (64.006119 -1147.001465 48 ) (61.919579 -1146.584229 48 ) (64.006439 -1146.001221 48 ) 
3 204 205 (400.847656 -1024 48 ) (297.645447 -1092.979126 48 ) (330.649078 -1024 48 ) 
4 205 216 (0 -1024 48 ) (0 -1024 16 ) (0 -1134.201782 16 ) (0 -1134.201782 48 ) 
5 205 209 (0 -1134.201782 16 ) (0 -1040 16 ) (112 -1040 16 ) (112 -1137.399658 16 ) (64 -1147 16 ) 
4 205 208 (0 -1040 16 ) (0 -1024 16 ) (16 -1024 16 ) (16 -1040 16 ) 
4 205 206 (112 -1024 16 ) (400.841339 -1024 16 ) (282.074982 -1103.383789 16 ) (112 -1137.399658 16 ) 
4 206 209 (112 -1040 -377.182007 ) (112 -1137.399658 -377.182007 ) (112 -1137.399658 16 ) (112 -1040 16 ) 
4 206 207 (112 -1024 -377.182007 ) (112 -1040 -377.182007 ) (112 -1040 0 ) (112 -1024 0 ) 
4 207 209 (16 -1040 -377.182007 ) (112 -1040 -377.182007 ) (112 -1040 0 ) (16 -1040 0 ) 
4 207 208 (16 -1024 -377.182007 ) (16 -1040 -377.182007 ) (16 -1040 0 ) (16 -1024 0 ) 
4 208 216 (0 -1024 16 ) (0 -1024 -377.182007 ) (0 -1040 -377.182007 ) (0 -1040 16 ) 
4 208 209 (0 -1040 -377.182007 ) (16 -1040 -377.182007 ) (16 -1040 16 ) (0 -1040 16 ) 
4 209 216 (0 -1040 -377.182007 ) (0 -1134.201904 -377.182007 ) (0 -1134.201782 16 ) (0 -1040 16 ) 
4 210 211 (0 -1134.202148 272 ) (-154.078125 -1103.390625 272 ) (-272.847778 -1024 272 ) (0 -1024 272 ) 
4 211 212 (0 -1134.202148 256 ) (-154.078125 -1103.390625 256 ) (-272.847778 -1024 256 ) (0 -1024 256 ) 
4 212 214 (-201.167297 -1071.914307 64 ) (-272.847778 -1024 64 ) (-175.853027 -1024 64 ) (-91.837700 -1102.460205 64 ) 
4 212 213 (-175.853027 -1024 64 ) (0 -1024 64 ) (0 -1128.118896 64 ) (-91.837700 -1102.460205 64 ) 
4 212 215 (0 -1134.202148 64 ) (-154.078125 -1103.390625 64 ) (-201.167297 -1071.914307 64 ) (0 -1128.118896 64 ) 
4 213 215 (-91.842255 -1102.457764 48 ) (0 -1128.117920 48 ) (0 -1128.118774 64 ) (-91.837784 -1102.460083 64 ) 
4 213 216 (-175.855072 -1024 48 ) (0 -1024 48 ) (0 -1128.118286 48 ) (-91.841621 -1102.458374 48 ) 
4 213 214 (-175.855469 -1024 48 ) (-91.844025 -1102.458008 48 ) (-91.840202 -1102.459595 64 ) (-175.854919 -1024 64 ) 
4 214 215 (-201.164063 -1071.914063 48 ) (-91.842255 -1102.457764 48 ) (-91.837784 -1102.460083 64 ) (-201.167969 -1071.914063 64 ) 
4 214 216 (-201.168915 -1071.913208 48 ) (-272.847778 -1024 48 ) (-175.855072 -1024 48 ) (-91.841621 -1102.458374 48 ) 
4 215 216 (0 -1134.202148 48 ) (-154.078125 -1103.390625 48 ) (-201.168915 -1071.913208 48 ) (0 -1128.118286 48 ) 
